Start testing: Oct 25 20:04 Eastern Daylight Time
----------------------------------------------------------
1/2 Testing: HelloTest.BasicAssertions
1/2 Test: HelloTest.BasicAssertions
Command: "C:/Users/Fritz/source/repos/CapstanDriveSAR/build/Debug/mytest.exe" "--gtest_filter=HelloTest.BasicAssertions" "--gtest_also_run_disabled_tests"
Directory: C:/Users/Fritz/source/repos/CapstanDriveSAR/build
"HelloTest.BasicAssertions" start time: Oct 25 20:04 Eastern Daylight Time
Output:
----------------------------------------------------------
Running main() from C:\Users\Fritz\source\repos\CapstanDriveSAR\build\_deps\googletest-src\googletest\src\gtest_main.cc
Note: Google Test filter = HelloTest.BasicAssertions
[==========] Running 1 test from 1 test suite.
[----------] Global test environment set-up.
[----------] 1 test from HelloTest
[ RUN      ] HelloTest.BasicAssertions
[       OK ] HelloTest.BasicAssertions (0 ms)
[----------] 1 test from HelloTest (0 ms total)

[----------] Global test environment tear-down
[==========] 1 test from 1 test suite ran. (0 ms total)
[  PASSED  ] 1 test.
<end of output>
Test time =   0.01 sec
----------------------------------------------------------
Test Passed.
"HelloTest.BasicAssertions" end time: Oct 25 20:04 Eastern Daylight Time
"HelloTest.BasicAssertions" time elapsed: 00:00:00
----------------------------------------------------------

2/2 Testing: CrossTest.CrossTest1
2/2 Test: CrossTest.CrossTest1
Command: "C:/Users/Fritz/source/repos/CapstanDriveSAR/build/Debug/mytest.exe" "--gtest_filter=CrossTest.CrossTest1" "--gtest_also_run_disabled_tests"
Directory: C:/Users/Fritz/source/repos/CapstanDriveSAR/build
"CrossTest.CrossTest1" start time: Oct 25 20:04 Eastern Daylight Time
Output:
----------------------------------------------------------
Running main() from C:\Users\Fritz\source\repos\CapstanDriveSAR\build\_deps\googletest-src\googletest\src\gtest_main.cc
Note: Google Test filter = CrossTest.CrossTest1
[==========] Running 1 test from 1 test suite.
[----------] Global test environment set-up.
[----------] 1 test from CrossTest
[ RUN      ] CrossTest.CrossTest1
[       OK ] CrossTest.CrossTest1 (0 ms)
[----------] 1 test from CrossTest (0 ms total)

[----------] Global test environment tear-down
[==========] 1 test from 1 test suite ran. (0 ms total)
[  PASSED  ] 1 test.
<end of output>
Test time =   0.00 sec
----------------------------------------------------------
Test Passed.
"CrossTest.CrossTest1" end time: Oct 25 20:04 Eastern Daylight Time
"CrossTest.CrossTest1" time elapsed: 00:00:00
----------------------------------------------------------

End testing: Oct 25 20:04 Eastern Daylight Time
